d:\unreal\projects\coursera\exercise9\exercise9\exercise9\debug\vc143.pdb
d:\unreal\projects\coursera\exercise9\exercise9\exercise9\debug\vc143.idb
d:\unreal\projects\coursera\exercise9\exercise9\exercise9\debug\card.xdc
d:\unreal\projects\coursera\exercise9\exercise9\exercise9\debug\deck.xdc
d:\unreal\projects\coursera\exercise9\exercise9\exercise9\debug\exercise9.xdc
d:\unreal\projects\coursera\exercise9\exercise9\exercise9\debug\random.xdc
d:\unreal\projects\coursera\exercise9\exercise9\exercise9\debug\random.obj
d:\unreal\projects\coursera\exercise9\exercise9\exercise9\debug\exercise9.obj
d:\unreal\projects\coursera\exercise9\exercise9\exercise9\debug\deck.obj
d:\unreal\projects\coursera\exercise9\exercise9\exercise9\debug\card.obj
d:\unreal\projects\coursera\exercise9\exercise9\debug\exercise9.exe
d:\unreal\projects\coursera\exercise9\exercise9\exercise9\debug\exercise9.ilk
d:\unreal\projects\coursera\exercise9\exercise9\debug\exercise9.pdb
d:\unreal\projects\coursera\exercise9\exercise9\debug\exercise9.xml
d:\unreal\projects\coursera\exercise9\exercise9\exercise9\debug\exercise9.tlog\cl.command.1.tlog
d:\unreal\projects\coursera\exercise9\exercise9\exercise9\debug\exercise9.tlog\cl.items.tlog
d:\unreal\projects\coursera\exercise9\exercise9\exercise9\debug\exercise9.tlog\cl.read.1.tlog
d:\unreal\projects\coursera\exercise9\exercise9\exercise9\debug\exercise9.tlog\cl.write.1.tlog
d:\unreal\projects\coursera\exercise9\exercise9\exercise9\debug\exercise9.tlog\link.command.1.tlog
d:\unreal\projects\coursera\exercise9\exercise9\exercise9\debug\exercise9.tlog\link.read.1.tlog
d:\unreal\projects\coursera\exercise9\exercise9\exercise9\debug\exercise9.tlog\link.write.1.tlog
d:\unreal\projects\coursera\exercise9\exercise9\exercise9\debug\exercise9.tlog\xdcmake.command.1.tlog
d:\unreal\projects\coursera\exercise9\exercise9\exercise9\debug\exercise9.tlog\xdcmake.read.1.tlog
d:\unreal\projects\coursera\exercise9\exercise9\exercise9\debug\exercise9.tlog\xdcmake.write.1.tlog
